<?xml version="1.0" encoding="UTF-8"?>
<!-- Generated by org.testng.reporters.JUnitReportReporter -->
<testsuite hostname="DESKTOP-0BG0PEU" failures="0" tests="1" name="driverFactory.Driverscript" time="67.200" errors="0" timestamp="22 Oct 2024 13:00:07 GMT">
  <testcase classname="driverFactory.Driverscript" name="starttest" time="67.200"/>
</testsuite> <!-- driverFactory.Driverscript -->
